Arguments: 
  /usr/local/bin/node /Users/libo/.yarn/bin/yarn.js install

PATH: 
  /Users/libo/.yarn/bin:/Users/libo/.config/yarn/global/node_modules/.bin:/usr/local/bin:/usr/bin:/bin:/usr/sbin:/sbin

Yarn version: 
  1.13.0

Node version: 
  11.15.0

Platform: 
  darwin x64

Trace: 
  Error: http://maven.doweidu.com/repository/npm-group/@xmini%2fwxapp-component-base: Request "http://maven.doweidu.com/repository/npm-group/@xmini%2fwxapp-component-base" returned a 403
      at Request.params.callback [as _callback] (/Users/libo/.yarn/lib/cli.js:66264:18)
      at Request.self.callback (/Users/libo/.yarn/lib/cli.js:129397:22)
      at Request.emit (events.js:193:13)
      at Request.<anonymous> (/Users/libo/.yarn/lib/cli.js:130369:10)
      at Request.emit (events.js:193:13)
      at IncomingMessage.<anonymous> (/Users/libo/.yarn/lib/cli.js:130291:12)
      at Object.onceWrapper (events.js:281:20)
      at IncomingMessage.emit (events.js:198:15)
      at endReadableNT (_stream_readable.js:1139:12)
      at processTicksAndRejections (internal/process/task_queues.js:81:17)

npm manifest: 
  {
    "name": "haoshiqi",
    "version": "0.0.1",
    "description": "专注食品特卖平台，品牌食品2折起~",
    "main": "app.js",
    "repository": {
      "type": "git",
      "url": "https://github.com/jskit/kit-wxapp.git"
    },
    "scripts": {
      "preinstall": "npm config set registry http://maven.doweidu.com/repository/npm-group/"
    },
    "dependencies": {
      "@xmini/wxapp-component-base": "0.0.49",
      "@xmini/x-mini": "2.1.31"
    },
    "devDependencies": {}
  }

yarn manifest: 
  No manifest

Lockfile: 
  # THIS IS AN AUTOGENERATED FILE. DO NOT EDIT THIS FILE DIRECTLY.
  # yarn lockfile v1
  
  
  "@xmini/wxapp-component-base@0.0.48":
    version "0.0.48"
    resolved "http://maven.doweidu.com/repository/npm-group/@xmini/wxapp-component-base/-/wxapp-component-base-0.0.48.tgz#d93b6cc1041d82c4d63bf19615ea686080886736"
    integrity sha512-tlEhqFN4FbDvFzzuHEtn6FsDB7nUjaFy9giTTsuBT3f8JtvJ0D3RHCetqcDcUsGdH3pqiSFy+2dn+BNLO6dfKg==
  
  "@xmini/x-mini@2.1.31":
    version "2.1.31"
    resolved "http://maven.doweidu.com/repository/npm-group/@xmini/x-mini/-/x-mini-2.1.31.tgz#a8566aecddf41ad69753d086c24cd81d75c9c0cd"
    integrity sha512-6JULiq7qdBcU51ELfIm+50MTes8ULMK5lwiR/vL1Wax07VxcSY1Z7AjeyR78fveijyZPMlXnYaDxVKU/0q0D6g==
